实验组开始时间: 2025-02-25 14:46:49.084679
实验配置:
[
  {
    "command": "\"C:/Users/hxq11/anaconda3/envs/CLIP-LoRA/python.exe\" train.py --model all_model --backbone cnn1d --distance_type euclidean --in_channels 5 --hidden_dim 64 --feature_dim 128 --dropout 0.3 --scheduler cosine --warmup_epochs 5 --warmup_start_lr 1e-6 --lr 0.001"
  },
  {
    "command": "\"C:/Users/hxq11/anaconda3/envs/CLIP-LoRA/python.exe\" train.py --model all_model --backbone cnn1d --distance_type cosine --in_channels 5 --hidden_dim 64 --feature_dim 128 --dropout 0.3 --scheduler cosine --warmup_epochs 5 --warmup_start_lr 1e-6 --lr 0.001"
  },
  {
    "command": "\"C:/Users/hxq11/anaconda3/envs/CLIP-LoRA/python.exe\" train.py --model all_model --backbone cbam --distance_type euclidean --in_channels 5 --hidden_dim 64 --feature_dim 64 --dropout 0.3 --scheduler cosine --warmup_epochs 5 --warmup_start_lr 1e-6 --lr 0.001"
  },
  {
    "command": "\"C:/Users/hxq11/anaconda3/envs/CLIP-LoRA/python.exe\" train.py --model all_model --backbone cbam --distance_type euclidean --in_channels 5 --hidden_dim 128 --feature_dim 128 --dropout 0.3 --scheduler cosine --warmup_epochs 5 --warmup_start_lr 1e-6 --lr 0.001"
  },
  {
    "command": "\"C:/Users/hxq11/anaconda3/envs/CLIP-LoRA/python.exe\" train.py --model all_model --backbone cbam --distance_type euclidean --in_channels 5 --hidden_dim 64 --feature_dim 256 --dropout 0.3 --scheduler cosine --warmup_epochs 5 --warmup_start_lr 1e-6 --lr 0.001"
  },
  {
    "command": "\"C:/Users/hxq11/anaconda3/envs/CLIP-LoRA/python.exe\" train.py --model all_model --backbone cbam --distance_type euclidean --in_channels 5 --hidden_dim 32 --feature_dim 128 --dropout 0.3 --scheduler cosine --warmup_epochs 5 --warmup_start_lr 1e-6 --lr 0.001"
  }
]
==================================================


==================================================
执行命令: "C:/Users/hxq11/anaconda3/envs/CLIP-LoRA/python.exe" train.py --model all_model --backbone cnn1d --distance_type euclidean --in_channels 5 --hidden_dim 64 --feature_dim 128 --dropout 0.3 --scheduler cosine --warmup_epochs 5 --warmup_start_lr 1e-6 --lr 0.001
开始时间: 2025-02-25 14:46:49.085660
==================================================

使用设备: cuda
使用模型: all_model
正在加载文件夹: data/h5data

原始标签形状: (7464, 8)
标签示例（前5个）:
[[1. 0. 0. 0. 0. 0. 0. 0.]
 [1. 0. 0. 0. 0. 0. 0. 0.]
 [1. 0. 0. 0. 0. 0. 0. 0.]
 [1. 0. 0. 0. 0. 0. 0. 0.]
 [1. 0. 0. 0. 0. 0. 0. 0.]]

标签名称: ['NORMAL' 'SC' 'HR' 'RB' 'BF-I' 'BF-O' 'BF-R' 'BF-C']

数据集划分情况:
类别 0:
  - 总样本数: 933
  - 训练集: 746 个样本
  - 测试集: 187 个样本
类别 1:
  - 总样本数: 933
  - 训练集: 746 个样本
  - 测试集: 187 个样本
类别 2:
  - 总样本数: 933
  - 训练集: 746 个样本
  - 测试集: 187 个样本
类别 3:
  - 总样本数: 933
  - 训练集: 746 个样本
  - 测试集: 187 个样本
类别 4:
  - 总样本数: 933
  - 训练集: 746 个样本
  - 测试集: 187 个样本
类别 5:
  - 总样本数: 933
  - 训练集: 746 个样本
  - 测试集: 187 个样本
类别 6:
  - 总样本数: 933
  - 训练集: 746 个样本
  - 测试集: 187 个样本
类别 7:
  - 总样本数: 933
  - 训练集: 746 个样本
  - 测试集: 187 个样本

训练集信息:
包含的类别: [0, 1, 2, 3, 4, 5, 6, 7]
类别 0: 746 个样本
类别 1: 746 个样本
类别 2: 746 个样本
类别 3: 746 个样本
类别 4: 746 个样本
类别 5: 746 个样本
类别 6: 746 个样本
类别 7: 746 个样本
正在加载文件夹: data/h5data

原始标签形状: (7464, 8)
标签示例（前5个）:
[[1. 0. 0. 0. 0. 0. 0. 0.]
 [1. 0. 0. 0. 0. 0. 0. 0.]
 [1. 0. 0. 0. 0. 0. 0. 0.]
 [1. 0. 0. 0. 0. 0. 0. 0.]
 [1. 0. 0. 0. 0. 0. 0. 0.]]

标签名称: ['NORMAL' 'SC' 'HR' 'RB' 'BF-I' 'BF-O' 'BF-R' 'BF-C']

数据集划分情况:
类别 0:
  - 总样本数: 933
  - 训练集: 746 个样本
  - 测试集: 187 个样本
类别 1:
  - 总样本数: 933
  - 训练集: 746 个样本
  - 测试集: 187 个样本
类别 2:
  - 总样本数: 933
  - 训练集: 746 个样本
  - 测试集: 187 个样本
类别 3:
  - 总样本数: 933
  - 训练集: 746 个样本
  - 测试集: 187 个样本
类别 4:
  - 总样本数: 933
  - 训练集: 746 个样本
  - 测试集: 187 个样本
类别 5:
  - 总样本数: 933
  - 训练集: 746 个样本
  - 测试集: 187 个样本
类别 6:
  - 总样本数: 933
  - 训练集: 746 个样本
  - 测试集: 187 个样本
类别 7:
  - 总样本数: 933
  - 训练集: 746 个样本
  - 测试集: 187 个样本

测试集信息:
包含的类别: [0, 1, 2, 3, 4, 5, 6, 7]
类别 0: 187 个样本
类别 1: 187 个样本
类别 2: 187 个样本
类别 3: 187 个样本
类别 4: 187 个样本
类别 5: 187 个样本
类别 6: 187 个样本
类别 7: 187 个样本

正在检查数据泄露...
数据集检查通过，未发现数据泄露。

Epoch 1/80

训练:   0%|                                                                  | 0/25 [00:00<?, ?it/s]
训练:   0%| | 0/25 [00:21<?, ?it/s, loss: 1.336, acc: 0.745, recall: 0.745, f1: 0.745, lr: 1.00e-06]
训练:   4%| | 1/25 [00:21<08:29, 21.21s/it, loss: 1.336, acc: 0.745, recall: 0.745, f1: 0.745, lr: 1
训练:   4%| | 1/25 [00:22<08:29, 21.21s/it, loss: 1.351, acc: 0.815, recall: 0.815, f1: 0.815, lr: 1
训练:   8%| | 2/25 [00:22<03:38,  9.52s/it, loss: 1.351, acc: 0.815, recall: 0.815, f1: 0.815, lr: 1
训练:   8%| | 2/25 [00:23<03:38,  9.52s/it, loss: 1.338, acc: 0.755, recall: 0.755, f1: 0.755, lr: 1
训练:  12%| | 3/25 [00:23<02:06,  5.76s/it, loss: 1.338, acc: 0.755, recall: 0.755, f1: 0.755, lr: 1
训练:  12%| | 3/25 [00:25<02:06,  5.76s/it, loss: 1.340, acc: 0.720, recall: 0.720, f1: 0.720, lr: 1
训练:  16%|▏| 4/25 [00:25<01:23,  3.96s/it, loss: 1.340, acc: 0.720, recall: 0.720, f1: 0.720, lr: 1
训练:  16%|▏| 4/25 [00:26<01:23,  3.96s/it, loss: 1.322, acc: 0.715, recall: 0.715, f1: 0.715, lr: 1
训练:  20%|▏| 5/25 [00:26<00:59,  2.96s/it, loss: 1.322, acc: 0.715, recall: 0.715, f1: 0.715, lr: 1
训练:  20%|▏| 5/25 [00:27<00:59,  2.96s/it, loss: 1.338, acc: 0.730, recall: 0.730, f1: 0.730, lr: 1
训练:  24%|▏| 6/25 [00:27<00:44,  2.35s/it, loss: 1.338, acc: 0.730, recall: 0.730, f1: 0.730, lr: 1
训练:  24%|▏| 6/25 [00:28<00:44,  2.35s/it, loss: 1.329, acc: 0.770, recall: 0.770, f1: 0.770, lr: 1
训练:  28%|▎| 7/25 [00:28<00:35,  1.96s/it, loss: 1.329, acc: 0.770, recall: 0.770, f1: 0.770, lr: 1
训练:  28%|▎| 7/25 [00:29<00:35,  1.96s/it, loss: 1.328, acc: 0.730, recall: 0.730, f1: 0.730, lr: 1
训练:  32%|▎| 8/25 [00:29<00:29,  1.72s/it, loss: 1.328, acc: 0.730, recall: 0.730, f1: 0.730, lr: 1
训练:  32%|▎| 8/25 [00:30<00:29,  1.72s/it, loss: 1.360, acc: 0.700, recall: 0.700, f1: 0.700, lr: 1
训练:  36%|▎| 9/25 [00:30<00:24,  1.55s/it, loss: 1.360, acc: 0.700, recall: 0.700, f1: 0.700, lr: 1
训练:  36%|▎| 9/25 [00:32<00:24,  1.55s/it, loss: 1.339, acc: 0.780, recall: 0.780, f1: 0.780, lr: 1
训练:  40%|▍| 10/25 [00:32<00:21,  1.44s/it, loss: 1.339, acc: 0.780, recall: 0.780, f1: 0.780, lr: 
训练:  40%|▍| 10/25 [00:33<00:21,  1.44s/it, loss: 1.363, acc: 0.720, recall: 0.720, f1: 0.720, lr: 
训练:  44%|▍| 11/25 [00:33<00:19,  1.36s/it, loss: 1.363, acc: 0.720, recall: 0.720, f1: 0.720, lr: 
训练:  44%|▍| 11/25 [00:34<00:19,  1.36s/it, loss: 1.369, acc: 0.690, recall: 0.690, f1: 0.690, lr: 
训练:  48%|▍| 12/25 [00:34<00:17,  1.32s/it, loss: 1.369, acc: 0.690, recall: 0.690, f1: 0.690, lr: 
训练:  48%|▍| 12/25 [00:35<00:17,  1.32s/it, loss: 1.352, acc: 0.750, recall: 0.750, f1: 0.750, lr: 
训练:  52%|▌| 13/25 [00:35<00:15,  1.28s/it, loss: 1.352, acc: 0.750, recall: 0.750, f1: 0.750, lr: 
训练:  52%|▌| 13/25 [00:36<00:15,  1.28s/it, loss: 1.354, acc: 0.740, recall: 0.740, f1: 0.740, lr: 
训练:  56%|▌| 14/25 [00:36<00:13,  1.26s/it, loss: 1.354, acc: 0.740, recall: 0.740, f1: 0.740, lr: 
训练:  56%|▌| 14/25 [00:38<00:13,  1.26s/it, loss: 1.335, acc: 0.740, recall: 0.740, f1: 0.740, lr: 
训练:  60%|▌| 15/25 [00:38<00:12,  1.23s/it, loss: 1.335, acc: 0.740, recall: 0.740, f1: 0.740, lr: 
训练:  60%|▌| 15/25 [00:39<00:12,  1.23s/it, loss: 1.356, acc: 0.665, recall: 0.665, f1: 0.665, lr: 
训练:  64%|▋| 16/25 [00:39<00:10,  1.21s/it, loss: 1.356, acc: 0.665, recall: 0.665, f1: 0.665, lr: 
训练:  64%|▋| 16/25 [00:40<00:10,  1.21s/it, loss: 1.359, acc: 0.675, recall: 0.675, f1: 0.675, lr: 
训练:  68%|▋| 17/25 [00:40<00:09,  1.20s/it, loss: 1.359, acc: 0.675, recall: 0.675, f1: 0.675, lr: 
训练:  68%|▋| 17/25 [00:41<00:09,  1.20s/it, loss: 1.358, acc: 0.700, recall: 0.700, f1: 0.700, lr: 
训练:  72%|▋| 18/25 [00:41<00:08,  1.20s/it, loss: 1.358, acc: 0.700, recall: 0.700, f1: 0.700, lr: 
训练:  72%|▋| 18/25 [00:42<00:08,  1.20s/it, loss: 1.360, acc: 0.725, recall: 0.725, f1: 0.725, lr: 
训练:  76%|▊| 19/25 [00:42<00:07,  1.21s/it, loss: 1.360, acc: 0.725, recall: 0.725, f1: 0.725, lr: 
训练:  76%|▊| 19/25 [00:44<00:07,  1.21s/it, loss: 1.327, acc: 0.705, recall: 0.705, f1: 0.705, lr: 
训练:  80%|▊| 20/25 [00:44<00:06,  1.22s/it, loss: 1.327, acc: 0.705, recall: 0.705, f1: 0.705, lr: 
训练:  80%|▊| 20/25 [00:45<00:06,  1.22s/it, loss: 1.332, acc: 0.780, recall: 0.780, f1: 0.780, lr: 
训练:  84%|▊| 21/25 [00:45<00:04,  1.22s/it, loss: 1.332, acc: 0.780, recall: 0.780, f1: 0.780, lr: 
训练:  84%|▊| 21/25 [00:46<00:04,  1.22s/it, loss: 1.337, acc: 0.825, recall: 0.825, f1: 0.825, lr: 
训练:  88%|▉| 22/25 [00:46<00:03,  1.21s/it, loss: 1.337, acc: 0.825, recall: 0.825, f1: 0.825, lr: 
训练:  88%|▉| 22/25 [00:47<00:03,  1.21s/it, loss: 1.337, acc: 0.695, recall: 0.695, f1: 0.695, lr: 
训练:  92%|▉| 23/25 [00:47<00:02,  1.20s/it, loss: 1.337, acc: 0.695, recall: 0.695, f1: 0.695, lr: 
训练:  92%|▉| 23/25 [00:48<00:02,  1.20s/it, loss: 1.340, acc: 0.720, recall: 0.720, f1: 0.720, lr: 
训练:  96%|▉| 24/25 [00:48<00:01,  1.19s/it, loss: 1.340, acc: 0.720, recall: 0.720, f1: 0.720, lr: 
训练:  96%|▉| 24/25 [00:50<00:01,  1.19s/it, loss: 1.325, acc: 0.700, recall: 0.700, f1: 0.700, lr: 
训练: 100%|█| 25/25 [00:50<00:00,  1.18s/it, loss: 1.325, acc: 0.700, recall: 0.700, f1: 0.700, lr: 
训练: 100%|█| 25/25 [00:50<00:00,  2.03s/it, loss: 1.325, acc: 0.700, recall: 0.700, f1: 0.700, lr: 
训练集 - 损失: 1.3434, 准确率: 0.7316, 召回率: 0.7316, F1分数: 0.7316

评估:   0%|                                                                  | 0/25 [00:00<?, ?it/s]
评估:   0%|               | 0/25 [00:17<?, ?it/s, loss: 1.314, acc: 0.780, recall: 0.780, f1: 0.780]
评估:   4%|▎      | 1/25 [00:17<06:52, 17.17s/it, loss: 1.314, acc: 0.780, recall: 0.780, f1: 0.780]
评估:   4%|▎      | 1/25 [00:17<06:52, 17.17s/it, loss: 1.340, acc: 0.715, recall: 0.715, f1: 0.715]
评估:   4%|▎      | 1/25 [00:17<06:52, 17.17s/it, loss: 1.331, acc: 0.735, recall: 0.735, f1: 0.735]
评估:  12%|▊      | 3/25 [00:17<01:39,  4.51s/it, loss: 1.331, acc: 0.735, recall: 0.735, f1: 0.735]
评估:  12%|▊      | 3/25 [00:17<01:39,  4.51s/it, loss: 1.341, acc: 0.730, recall: 0.730, f1: 0.730]
评估:  12%|▊      | 3/25 [00:17<01:39,  4.51s/it, loss: 1.332, acc: 0.780, recall: 0.780, f1: 0.780]
评估:  20%|█▍     | 5/25 [00:17<00:44,  2.23s/it, loss: 1.332, acc: 0.780, recall: 0.780, f1: 0.780]
评估:  20%|█▍     | 5/25 [00:17<00:44,  2.23s/it, loss: 1.334, acc: 0.755, recall: 0.755, f1: 0.755]
评估:  20%|█▍     | 5/25 [00:17<00:44,  2.23s/it, loss: 1.362, acc: 0.720, recall: 0.720, f1: 0.720]
评估:  28%|█▉     | 7/25 [00:17<00:23,  1.32s/it, loss: 1.362, acc: 0.720, recall: 0.720, f1: 0.720]
评估:  28%|█▉     | 7/25 [00:17<00:23,  1.32s/it, loss: 1.311, acc: 0.750, recall: 0.750, f1: 0.750]
评估:  28%|█▉     | 7/25 [00:17<00:23,  1.32s/it, loss: 1.355, acc: 0.740, recall: 0.740, f1: 0.740]
评估:  36%|██▌    | 9/25 [00:17<00:13,  1.18it/s, loss: 1.355, acc: 0.740, recall: 0.740, f1: 0.740]
评估:  36%|██▌    | 9/25 [00:17<00:13,  1.18it/s, loss: 1.320, acc: 0.825, recall: 0.825, f1: 0.825]
评估:  36%|██▌    | 9/25 [00:17<00:13,  1.18it/s, loss: 1.306, acc: 0.755, recall: 0.755, f1: 0.755]
评估:  44%|██▋   | 11/25 [00:17<00:08,  1.74it/s, loss: 1.306, acc: 0.755, recall: 0.755, f1: 0.755]
评估:  44%|██▋   | 11/25 [00:17<00:08,  1.74it/s, loss: 1.334, acc: 0.715, recall: 0.715, f1: 0.715]
评估:  44%|██▋   | 11/25 [00:18<00:08,  1.74it/s, loss: 1.335, acc: 0.670, recall: 0.670, f1: 0.670]
评估:  52%|███   | 13/25 [00:18<00:04,  2.45it/s, loss: 1.335, acc: 0.670, recall: 0.670, f1: 0.670]
评估:  52%|███   | 13/25 [00:18<00:04,  2.45it/s, loss: 1.337, acc: 0.730, recall: 0.730, f1: 0.730]
评估:  52%|███   | 13/25 [00:18<00:04,  2.45it/s, loss: 1.334, acc: 0.770, recall: 0.770, f1: 0.770]
评估:  60%|███▌  | 15/25 [00:18<00:03,  3.33it/s, loss: 1.334, acc: 0.770, recall: 0.770, f1: 0.770]
评估:  60%|███▌  | 15/25 [00:18<00:03,  3.33it/s, loss: 1.305, acc: 0.830, recall: 0.830, f1: 0.830]
评估:  60%|███▌  | 15/25 [00:18<00:03,  3.33it/s, loss: 1.348, acc: 0.710, recall: 0.710, f1: 0.710]
评估:  68%|████  | 17/25 [00:18<00:01,  4.40it/s, loss: 1.348, acc: 0.710, recall: 0.710, f1: 0.710]
评估:  68%|████  | 17/25 [00:18<00:01,  4.40it/s, loss: 1.328, acc: 0.755, recall: 0.755, f1: 0.755]
评估:  68%|████  | 17/25 [00:18<00:01,  4.40it/s, loss: 1.341, acc: 0.830, recall: 0.830, f1: 0.830]
评估:  76%|████▌ | 19/25 [00:18<00:01,  5.60it/s, loss: 1.341, acc: 0.830, recall: 0.830, f1: 0.830]
评估:  76%|████▌ | 19/25 [00:18<00:01,  5.60it/s, loss: 1.360, acc: 0.720, recall: 0.720, f1: 0.720]
评估:  76%|████▌ | 19/25 [00:18<00:01,  5.60it/s, loss: 1.319, acc: 0.775, recall: 0.775, f1: 0.775]
评估:  84%|█████ | 21/25 [00:18<00:00,  6.88it/s, loss: 1.319, acc: 0.775, recall: 0.775, f1: 0.775]
评估:  84%|█████ | 21/25 [00:18<00:00,  6.88it/s, loss: 1.338, acc: 0.785, recall: 0.785, f1: 0.785]
评估:  84%|█████ | 21/25 [00:18<00:00,  6.88it/s, loss: 1.300, acc: 0.760, recall: 0.760, f1: 0.760]
评估:  92%|█████▌| 23/25 [00:18<00:00,  8.20it/s, loss: 1.300, acc: 0.760, recall: 0.760, f1: 0.760]
评估:  92%|█████▌| 23/25 [00:18<00:00,  8.20it/s, loss: 1.333, acc: 0.755, recall: 0.755, f1: 0.755]
评估:  92%|█████▌| 23/25 [00:18<00:00,  8.20it/s, loss: 1.328, acc: 0.755, recall: 0.755, f1: 0.755]
评估: 100%|██████| 25/25 [00:18<00:00,  9.36it/s, loss: 1.328, acc: 0.755, recall: 0.755, f1: 0.755]
评估: 100%|██████| 25/25 [00:19<00:00,  1.28it/s, loss: 1.328, acc: 0.755, recall: 0.755, f1: 0.755]
验证集 - 损失: 1.3314, 准确率: 0.7538, 召回率: 0.7538, F1分数: 0.7538
保存最佳模型，验证准确率: 0.7538, 召回率: 0.7538, F1分数: 0.7538

Epoch 2/80

训练:   0%|                                                                  | 0/25 [00:00<?, ?it/s]
训练:   0%| | 0/25 [00:19<?, ?it/s, loss: 1.333, acc: 0.720, recall: 0.720, f1: 0.720, lr: 2.01e-04]
训练:   4%| | 1/25 [00:19<07:58, 19.92s/it, loss: 1.333, acc: 0.720, recall: 0.720, f1: 0.720, lr: 2
训练:   4%| | 1/25 [00:21<07:58, 19.92s/it, loss: 1.322, acc: 0.725, recall: 0.725, f1: 0.725, lr: 2
训练:   8%| | 2/25 [00:21<03:24,  8.89s/it, loss: 1.322, acc: 0.725, recall: 0.725, f1: 0.725, lr: 2
训练:   8%| | 2/25 [00:22<03:24,  8.89s/it, loss: 1.301, acc: 0.790, recall: 0.790, f1: 0.790, lr: 2
训练:  12%| | 3/25 [00:22<01:57,  5.36s/it, loss: 1.301, acc: 0.790, recall: 0.790, f1: 0.790, lr: 2
训练:  12%| | 3/25 [00:23<01:57,  5.36s/it, loss: 1.327, acc: 0.630, recall: 0.630, f1: 0.630, lr: 2
训练:  16%|▏| 4/25 [00:23<01:17,  3.70s/it, loss: 1.327, acc: 0.630, recall: 0.630, f1: 0.630, lr: 2
训练:  16%|▏| 4/25 [00:24<01:17,  3.70s/it, loss: 1.283, acc: 0.710, recall: 0.710, f1: 0.710, lr: 2
训练:  20%|▏| 5/25 [00:24<00:55,  2.79s/it, loss: 1.283, acc: 0.710, recall: 0.710, f1: 0.710, lr: 2
训练:  20%|▏| 5/25 [00:25<00:55,  2.79s/it, loss: 1.280, acc: 0.680, recall: 0.680, f1: 0.680, lr: 2
训练:  24%|▏| 6/25 [00:25<00:42,  2.23s/it, loss: 1.280, acc: 0.680, recall: 0.680, f1: 0.680, lr: 2
训练:  24%|▏| 6/25 [00:26<00:42,  2.23s/it, loss: 1.291, acc: 0.645, recall: 0.645, f1: 0.645, lr: 2
训练:  28%|▎| 7/25 [00:26<00:33,  1.89s/it, loss: 1.291, acc: 0.645, recall: 0.645, f1: 0.645, lr: 2
训练:  28%|▎| 7/25 [00:28<00:33,  1.89s/it, loss: 1.323, acc: 0.610, recall: 0.610, f1: 0.610, lr: 2
训练:  32%|▎| 8/25 [00:28<00:28,  1.65s/it, loss: 1.323, acc: 0.610, recall: 0.610, f1: 0.610, lr: 2
训练:  32%|▎| 8/25 [00:29<00:28,  1.65s/it, loss: 1.304, acc: 0.570, recall: 0.570, f1: 0.570, lr: 2
训练:  36%|▎| 9/25 [00:29<00:24,  1.50s/it, loss: 1.304, acc: 0.570, recall: 0.570, f1: 0.570, lr: 2
训练:  36%|▎| 9/25 [00:30<00:24,  1.50s/it, loss: 1.253, acc: 0.735, recall: 0.735, f1: 0.735, lr: 2
训练:  40%|▍| 10/25 [00:30<00:20,  1.40s/it, loss: 1.253, acc: 0.735, recall: 0.735, f1: 0.735, lr: 
训练:  40%|▍| 10/25 [00:31<00:20,  1.40s/it, loss: 1.246, acc: 0.745, recall: 0.745, f1: 0.745, lr: 
训练:  44%|▍| 11/25 [00:31<00:18,  1.33s/it, loss: 1.246, acc: 0.745, recall: 0.745, f1: 0.745, lr: 
训练:  44%|▍| 11/25 [00:32<00:18,  1.33s/it, loss: 1.262, acc: 0.605, recall: 0.605, f1: 0.605, lr: 
训练:  48%|▍| 12/25 [00:32<00:16,  1.28s/it, loss: 1.262, acc: 0.605, recall: 0.605, f1: 0.605, lr: 
训练:  48%|▍| 12/25 [00:33<00:16,  1.28s/it, loss: 1.260, acc: 0.685, recall: 0.685, f1: 0.685, lr: 
训练:  52%|▌| 13/25 [00:33<00:14,  1.25s/it, loss: 1.260, acc: 0.685, recall: 0.685, f1: 0.685, lr: 
训练:  52%|▌| 13/25 [00:35<00:14,  1.25s/it, loss: 1.231, acc: 0.715, recall: 0.715, f1: 0.715, lr: 
训练:  56%|▌| 14/25 [00:35<00:13,  1.22s/it, loss: 1.231, acc: 0.715, recall: 0.715, f1: 0.715, lr: 
训练:  56%|▌| 14/25 [00:36<00:13,  1.22s/it, loss: 1.300, acc: 0.650, recall: 0.650, f1: 0.650, lr: 
训练:  60%|▌| 15/25 [00:36<00:12,  1.21s/it, loss: 1.300, acc: 0.650, recall: 0.650, f1: 0.650, lr: 
训练:  60%|▌| 15/25 [00:37<00:12,  1.21s/it, loss: 1.235, acc: 0.710, recall: 0.710, f1: 0.710, lr: 
训练:  64%|▋| 16/25 [00:37<00:10,  1.19s/it, loss: 1.235, acc: 0.710, recall: 0.710, f1: 0.710, lr: 
训练:  64%|▋| 16/25 [00:38<00:10,  1.19s/it, loss: 1.262, acc: 0.685, recall: 0.685, f1: 0.685, lr: 
训练:  68%|▋| 17/25 [00:38<00:09,  1.18s/it, loss: 1.262, acc: 0.685, recall: 0.685, f1: 0.685, lr: 
训练:  68%|▋| 17/25 [00:39<00:09,  1.18s/it, loss: 1.265, acc: 0.650, recall: 0.650, f1: 0.650, lr: 
训练:  72%|▋| 18/25 [00:39<00:08,  1.18s/it, loss: 1.265, acc: 0.650, recall: 0.650, f1: 0.650, lr: 
训练:  72%|▋| 18/25 [00:40<00:08,  1.18s/it, loss: 1.274, acc: 0.715, recall: 0.715, f1: 0.715, lr: 
训练:  76%|▊| 19/25 [00:40<00:07,  1.17s/it, loss: 1.274, acc: 0.715, recall: 0.715, f1: 0.715, lr: 
训练:  76%|▊| 19/25 [00:42<00:07,  1.17s/it, loss: 1.256, acc: 0.630, recall: 0.630, f1: 0.630, lr: 
训练:  80%|▊| 20/25 [00:42<00:05,  1.17s/it, loss: 1.256, acc: 0.630, recall: 0.630, f1: 0.630, lr: 
训练:  80%|▊| 20/25 [00:43<00:05,  1.17s/it, loss: 1.268, acc: 0.645, recall: 0.645, f1: 0.645, lr: 
训练:  84%|▊| 21/25 [00:43<00:04,  1.17s/it, loss: 1.268, acc: 0.645, recall: 0.645, f1: 0.645, lr: 
训练:  84%|▊| 21/25 [00:44<00:04,  1.17s/it, loss: 1.244, acc: 0.675, recall: 0.675, f1: 0.675, lr: 
训练:  88%|▉| 22/25 [00:44<00:03,  1.17s/it, loss: 1.244, acc: 0.675, recall: 0.675, f1: 0.675, lr: 
训练:  88%|▉| 22/25 [00:45<00:03,  1.17s/it, loss: 1.286, acc: 0.595, recall: 0.595, f1: 0.595, lr: 
训练:  92%|▉| 23/25 [00:45<00:02,  1.16s/it, loss: 1.286, acc: 0.595, recall: 0.595, f1: 0.595, lr: 
训练:  92%|▉| 23/25 [00:46<00:02,  1.16s/it, loss: 1.243, acc: 0.685, recall: 0.685, f1: 0.685, lr: 
训练:  96%|▉| 24/25 [00:46<00:01,  1.16s/it, loss: 1.243, acc: 0.685, recall: 0.685, f1: 0.685, lr: 
训练:  96%|▉| 24/25 [00:47<00:01,  1.16s/it, loss: 1.261, acc: 0.680, recall: 0.680, f1: 0.680, lr: 
训练: 100%|█| 25/25 [00:47<00:00,  1.16s/it, loss: 1.261, acc: 0.680, recall: 0.680, f1: 0.680, lr: 
训练: 100%|█| 25/25 [00:48<00:00,  1.94s/it, loss: 1.261, acc: 0.680, recall: 0.680, f1: 0.680, lr: 
训练集 - 损失: 1.2764, 准确率: 0.6754, 召回率: 0.6754, F1分数: 0.6754

评估:   0%|                                                                  | 0/25 [00:00<?, ?it/s]
评估:   0%|               | 0/25 [00:16<?, ?it/s, loss: 1.113, acc: 0.710, recall: 0.710, f1: 0.710]
评估:   4%|▎      | 1/25 [00:16<06:40, 16.67s/it, loss: 1.113, acc: 0.710, recall: 0.710, f1: 0.710]
评估:   4%|▎      | 1/25 [00:16<06:40, 16.67s/it, loss: 1.037, acc: 0.795, recall: 0.795, f1: 0.795]
评估:   4%|▎      | 1/25 [00:16<06:40, 16.67s/it, loss: 1.033, acc: 0.785, recall: 0.785, f1: 0.785]
评估:  12%|▊      | 3/25 [00:16<01:36,  4.38s/it, loss: 1.033, acc: 0.785, recall: 0.785, f1: 0.785]
评估:  12%|▊      | 3/25 [00:16<01:36,  4.38s/it, loss: 1.066, acc: 0.800, recall: 0.800, f1: 0.800]
评估:  12%|▊      | 3/25 [00:16<01:36,  4.38s/it, loss: 1.125, acc: 0.710, recall: 0.710, f1: 0.710]
评估:  20%|█▍     | 5/25 [00:16<00:43,  2.16s/it, loss: 1.125, acc: 0.710, recall: 0.710, f1: 0.710]
评估:  20%|█▍     | 5/25 [00:17<00:43,  2.16s/it, loss: 1.080, acc: 0.790, recall: 0.790, f1: 0.790]
评估:  20%|█▍     | 5/25 [00:17<00:43,  2.16s/it, loss: 1.042, acc: 0.750, recall: 0.750, f1: 0.750]
评估:  28%|█▉     | 7/25 [00:17<00:22,  1.28s/it, loss: 1.042, acc: 0.750, recall: 0.750, f1: 0.750]
评估:  28%|█▉     | 7/25 [00:17<00:22,  1.28s/it, loss: 1.085, acc: 0.765, recall: 0.765, f1: 0.765]
评估:  28%|█▉     | 7/25 [00:17<00:22,  1.28s/it, loss: 1.059, acc: 0.760, recall: 0.760, f1: 0.760]
评估:  36%|██▌    | 9/25 [00:17<00:13,  1.22it/s, loss: 1.059, acc: 0.760, recall: 0.760, f1: 0.760]
评估:  36%|██▌    | 9/25 [00:17<00:13,  1.22it/s, loss: 1.043, acc: 0.775, recall: 0.775, f1: 0.775]
评估:  36%|██▌    | 9/25 [00:17<00:13,  1.22it/s, loss: 1.050, acc: 0.770, recall: 0.770, f1: 0.770]
评估:  44%|██▋   | 11/25 [00:17<00:07,  1.79it/s, loss: 1.050, acc: 0.770, recall: 0.770, f1: 0.770]
评估:  44%|██▋   | 11/25 [00:17<00:07,  1.79it/s, loss: 1.087, acc: 0.780, recall: 0.780, f1: 0.780]
评估:  44%|██▋   | 11/25 [00:17<00:07,  1.79it/s, loss: 1.083, acc: 0.775, recall: 0.775, f1: 0.775]
评估:  52%|███   | 13/25 [00:17<00:04,  2.52it/s, loss: 1.083, acc: 0.775, recall: 0.775, f1: 0.775]
评估:  52%|███   | 13/25 [00:17<00:04,  2.52it/s, loss: 1.078, acc: 0.815, recall: 0.815, f1: 0.815]
评估:  52%|███   | 13/25 [00:17<00:04,  2.52it/s, loss: 1.062, acc: 0.815, recall: 0.815, f1: 0.815]
评估:  60%|███▌  | 15/25 [00:17<00:02,  3.41it/s, loss: 1.062, acc: 0.815, recall: 0.815, f1: 0.815]
评估:  60%|███▌  | 15/25 [00:17<00:02,  3.41it/s, loss: 1.067, acc: 0.725, recall: 0.725, f1: 0.725]
评估:  60%|███▌  | 15/25 [00:17<00:02,  3.41it/s, loss: 1.040, acc: 0.735, recall: 0.735, f1: 0.735]
评估:  68%|████  | 17/25 [00:17<00:01,  4.46it/s, loss: 1.040, acc: 0.735, recall: 0.735, f1: 0.735]
评估:  68%|████  | 17/25 [00:17<00:01,  4.46it/s, loss: 1.086, acc: 0.770, recall: 0.770, f1: 0.770]
评估:  68%|████  | 17/25 [00:17<00:01,  4.46it/s, loss: 1.092, acc: 0.695, recall: 0.695, f1: 0.695]
评估:  76%|████▌ | 19/25 [00:17<00:01,  5.68it/s, loss: 1.092, acc: 0.695, recall: 0.695, f1: 0.695]
评估:  76%|████▌ | 19/25 [00:18<00:01,  5.68it/s, loss: 1.096, acc: 0.730, recall: 0.730, f1: 0.730]
评估:  76%|████▌ | 19/25 [00:18<00:01,  5.68it/s, loss: 1.059, acc: 0.790, recall: 0.790, f1: 0.790]
评估:  84%|█████ | 21/25 [00:18<00:00,  6.95it/s, loss: 1.059, acc: 0.790, recall: 0.790, f1: 0.790]
评估:  84%|█████ | 21/25 [00:18<00:00,  6.95it/s, loss: 1.008, acc: 0.815, recall: 0.815, f1: 0.815]
评估:  84%|█████ | 21/25 [00:18<00:00,  6.95it/s, loss: 1.092, acc: 0.710, recall: 0.710, f1: 0.710]
评估:  92%|█████▌| 23/25 [00:18<00:00,  8.25it/s, loss: 1.092, acc: 0.710, recall: 0.710, f1: 0.710]
评估:  92%|█████▌| 23/25 [00:18<00:00,  8.25it/s, loss: 1.113, acc: 0.660, recall: 0.660, f1: 0.660]
评估:  92%|█████▌| 23/25 [00:18<00:00,  8.25it/s, loss: 1.055, acc: 0.730, recall: 0.730, f1: 0.730]
评估: 100%|██████| 25/25 [00:18<00:00,  9.43it/s, loss: 1.055, acc: 0.730, recall: 0.730, f1: 0.730]
评估: 100%|██████| 25/25 [00:18<00:00,  1.32it/s, loss: 1.055, acc: 0.730, recall: 0.730, f1: 0.730]
验证集 - 损失: 1.0701, 准确率: 0.7582, 召回率: 0.7582, F1分数: 0.7582
保存最佳模型，验证准确率: 0.7582, 召回率: 0.7582, F1分数: 0.7582

Epoch 3/80

训练:   0%|                                                                  | 0/25 [00:00<?, ?it/s]
训练:   0%| | 0/25 [00:18<?, ?it/s, loss: 1.246, acc: 0.635, recall: 0.635, f1: 0.635, lr: 4.01e-04]
训练:   4%| | 1/25 [00:18<07:33, 18.90s/it, loss: 1.246, acc: 0.635, recall: 0.635, f1: 0.635, lr: 4
训练:   4%| | 1/25 [00:20<07:33, 18.90s/it, loss: 1.235, acc: 0.690, recall: 0.690, f1: 0.690, lr: 4
训练:   8%| | 2/25 [00:20<03:15,  8.52s/it, loss: 1.235, acc: 0.690, recall: 0.690, f1: 0.690, lr: 4
训练:   8%| | 2/25 [00:21<03:15,  8.52s/it, loss: 1.254, acc: 0.655, recall: 0.655, f1: 0.655, lr: 4
训练:  12%| | 3/25 [00:21<01:53,  5.17s/it, loss: 1.254, acc: 0.655, recall: 0.655, f1: 0.655, lr: 4
训练:  12%| | 3/25 [00:22<01:53,  5.17s/it, loss: 1.242, acc: 0.660, recall: 0.660, f1: 0.660, lr: 4
训练:  16%|▏| 4/25 [00:22<01:15,  3.59s/it, loss: 1.242, acc: 0.660, recall: 0.660, f1: 0.660, lr: 4
训练:  16%|▏| 4/25 [00:23<01:15,  3.59s/it, loss: 1.260, acc: 0.715, recall: 0.715, f1: 0.715, lr: 4
训练:  20%|▏| 5/25 [00:23<00:54,  2.73s/it, loss: 1.260, acc: 0.715, recall: 0.715, f1: 0.715, lr: 4
训练:  20%|▏| 5/25 [00:24<00:54,  2.73s/it, loss: 1.251, acc: 0.635, recall: 0.635, f1: 0.635, lr: 4
训练:  24%|▏| 6/25 [00:24<00:41,  2.20s/it, loss: 1.251, acc: 0.635, recall: 0.635, f1: 0.635, lr: 4
训练:  24%|▏| 6/25 [00:26<00:41,  2.20s/it, loss: 1.274, acc: 0.630, recall: 0.630, f1: 0.630, lr: 4
训练:  28%|▎| 7/25 [00:26<00:33,  1.86s/it, loss: 1.274, acc: 0.630, recall: 0.630, f1: 0.630, lr: 4
训练:  28%|▎| 7/25 [00:27<00:33,  1.86s/it, loss: 1.245, acc: 0.695, recall: 0.695, f1: 0.695, lr: 4
训练:  32%|▎| 8/25 [00:27<00:28,  1.65s/it, loss: 1.245, acc: 0.695, recall: 0.695, f1: 0.695, lr: 4
训练:  32%|▎| 8/25 [00:28<00:28,  1.65s/it, loss: 1.258, acc: 0.650, recall: 0.650, f1: 0.650, lr: 4
训练:  36%|▎| 9/25 [00:28<00:24,  1.50s/it, loss: 1.258, acc: 0.650, recall: 0.650, f1: 0.650, lr: 4
训练:  36%|▎| 9/25 [00:29<00:24,  1.50s/it, loss: 1.277, acc: 0.605, recall: 0.605, f1: 0.605, lr: 4
训练:  40%|▍| 10/25 [00:29<00:21,  1.40s/it, loss: 1.277, acc: 0.605, recall: 0.605, f1: 0.605, lr: 
训练:  40%|▍| 10/25 [00:30<00:21,  1.40s/it, loss: 1.261, acc: 0.640, recall: 0.640, f1: 0.640, lr: 
训练:  44%|▍| 11/25 [00:30<00:18,  1.32s/it, loss: 1.261, acc: 0.640, recall: 0.640, f1: 0.640, lr: 
训练:  44%|▍| 11/25 [00:31<00:18,  1.32s/it, loss: 1.229, acc: 0.675, recall: 0.675, f1: 0.675, lr: 
训练:  48%|▍| 12/25 [00:31<00:16,  1.28s/it, loss: 1.229, acc: 0.675, recall: 0.675, f1: 0.675, lr: 
训练:  48%|▍| 12/25 [00:33<00:16,  1.28s/it, loss: 1.212, acc: 0.730, recall: 0.730, f1: 0.730, lr: 
训练:  52%|▌| 13/25 [00:33<00:14,  1.24s/it, loss: 1.212, acc: 0.730, recall: 0.730, f1: 0.730, lr: 
训练:  52%|▌| 13/25 [00:34<00:14,  1.24s/it, loss: 1.260, acc: 0.710, recall: 0.710, f1: 0.710, lr: 
训练:  56%|▌| 14/25 [00:34<00:13,  1.22s/it, loss: 1.260, acc: 0.710, recall: 0.710, f1: 0.710, lr: 
训练:  56%|▌| 14/25 [00:35<00:13,  1.22s/it, loss: 1.229, acc: 0.605, recall: 0.605, f1: 0.605, lr: 
训练:  60%|▌| 15/25 [00:35<00:12,  1.23s/it, loss: 1.229, acc: 0.605, recall: 0.605, f1: 0.605, lr: 
训练:  60%|▌| 15/25 [00:37<00:12,  1.23s/it, loss: 1.246, acc: 0.665, recall: 0.665, f1: 0.665, lr: 
训练:  64%|▋| 16/25 [00:37<00:11,  1.33s/it, loss: 1.246, acc: 0.665, recall: 0.665, f1: 0.665, lr: 
训练:  64%|▋| 16/25 [00:38<00:11,  1.33s/it, loss: 1.238, acc: 0.680, recall: 0.680, f1: 0.680, lr: 
训练:  68%|▋| 17/25 [00:38<00:10,  1.31s/it, loss: 1.238, acc: 0.680, recall: 0.680, f1: 0.680, lr: 
训练:  68%|▋| 17/25 [00:39<00:10,  1.31s/it, loss: 1.245, acc: 0.625, recall: 0.625, f1: 0.625, lr: 
训练:  72%|▋| 18/25 [00:39<00:09,  1.30s/it, loss: 1.245, acc: 0.625, recall: 0.625, f1: 0.625, lr: 
训练:  72%|▋| 18/25 [00:40<00:09,  1.30s/it, loss: 1.224, acc: 0.680, recall: 0.680, f1: 0.680, lr: 
训练:  76%|▊| 19/25 [00:40<00:07,  1.30s/it, loss: 1.224, acc: 0.680, recall: 0.680, f1: 0.680, lr: 
训练:  76%|▊| 19/25 [00:42<00:07,  1.30s/it, loss: 1.272, acc: 0.665, recall: 0.665, f1: 0.665, lr: 
训练:  80%|▊| 20/25 [00:42<00:06,  1.29s/it, loss: 1.272, acc: 0.665, recall: 0.665, f1: 0.665, lr: 
训练:  80%|▊| 20/25 [00:43<00:06,  1.29s/it, loss: 1.270, acc: 0.575, recall: 0.575, f1: 0.575, lr: 
训练:  84%|▊| 21/25 [00:43<00:05,  1.30s/it, loss: 1.270, acc: 0.575, recall: 0.575, f1: 0.575, lr: 
训练:  84%|▊| 21/25 [00:44<00:05,  1.30s/it, loss: 1.278, acc: 0.690, recall: 0.690, f1: 0.690, lr: 
训练:  88%|▉| 22/25 [00:44<00:03,  1.28s/it, loss: 1.278, acc: 0.690, recall: 0.690, f1: 0.690, lr: 
训练:  88%|▉| 22/25 [00:45<00:03,  1.28s/it, loss: 1.249, acc: 0.725, recall: 0.725, f1: 0.725, lr: 
训练:  92%|▉| 23/25 [00:45<00:02,  1.27s/it, loss: 1.249, acc: 0.725, recall: 0.725, f1: 0.725, lr: 
训练:  92%|▉| 23/25 [00:47<00:02,  1.27s/it, loss: 1.247, acc: 0.635, recall: 0.635, f1: 0.635, lr: 
训练:  96%|▉| 24/25 [00:47<00:01,  1.26s/it, loss: 1.247, acc: 0.635, recall: 0.635, f1: 0.635, lr: 
训练:  96%|▉| 24/25 [00:48<00:01,  1.26s/it, loss: 1.219, acc: 0.695, recall: 0.695, f1: 0.695, lr: 
训练: 100%|█| 25/25 [00:48<00:00,  1.24s/it, loss: 1.219, acc: 0.695, recall: 0.695, f1: 0.695, lr: 
训练: 100%|█| 25/25 [00:49<00:00,  1.96s/it, loss: 1.219, acc: 0.695, recall: 0.695, f1: 0.695, lr: 
训练集 - 损失: 1.2488, 准确率: 0.6626, 召回率: 0.6626, F1分数: 0.6626

评估:   0%|                                                                  | 0/25 [00:00<?, ?it/s]
评估:   0%|               | 0/25 [00:17<?, ?it/s, loss: 1.027, acc: 0.790, recall: 0.790, f1: 0.790]
评估:   4%|▎      | 1/25 [00:17<06:50, 17.08s/it, loss: 1.027, acc: 0.790, recall: 0.790, f1: 0.790]
评估:   4%|▎      | 1/25 [00:17<06:50, 17.08s/it, loss: 1.032, acc: 0.785, recall: 0.785, f1: 0.785]
评估:   4%|▎      | 1/25 [00:17<06:50, 17.08s/it, loss: 1.056, acc: 0.725, recall: 0.725, f1: 0.725]
评估:  12%|▊      | 3/25 [00:17<01:38,  4.49s/it, loss: 1.056, acc: 0.725, recall: 0.725, f1: 0.725]
评估:  12%|▊      | 3/25 [00:17<01:38,  4.49s/it, loss: 1.035, acc: 0.760, recall: 0.760, f1: 0.760]
评估:  12%|▊      | 3/25 [00:17<01:38,  4.49s/it, loss: 1.007, acc: 0.770, recall: 0.770, f1: 0.770]
评估:  20%|█▍     | 5/25 [00:17<00:44,  2.22s/it, loss: 1.007, acc: 0.770, recall: 0.770, f1: 0.770]
评估:  20%|█▍     | 5/25 [00:17<00:44,  2.22s/it, loss: 1.017, acc: 0.825, recall: 0.825, f1: 0.825]
评估:  20%|█▍     | 5/25 [00:17<00:44,  2.22s/it, loss: 1.042, acc: 0.830, recall: 0.830, f1: 0.830]
评估:  28%|█▉     | 7/25 [00:17<00:23,  1.32s/it, loss: 1.042, acc: 0.830, recall: 0.830, f1: 0.830]
评估:  28%|█▉     | 7/25 [00:17<00:23,  1.32s/it, loss: 1.067, acc: 0.750, recall: 0.750, f1: 0.750]
评估:  28%|█▉     | 7/25 [00:17<00:23,  1.32s/it, loss: 1.017, acc: 0.830, recall: 0.830, f1: 0.830]
评估:  36%|██▌    | 9/25 [00:17<00:13,  1.16it/s, loss: 1.017, acc: 0.830, recall: 0.830, f1: 0.830]
评估:  36%|██▌    | 9/25 [00:17<00:13,  1.16it/s, loss: 1.041, acc: 0.710, recall: 0.710, f1: 0.710]
评估:  36%|██▌    | 9/25 [00:18<00:13,  1.16it/s, loss: 1.021, acc: 0.770, recall: 0.770, f1: 0.770]
评估:  44%|██▋   | 11/25 [00:18<00:08,  1.67it/s, loss: 1.021, acc: 0.770, recall: 0.770, f1: 0.770]
评估:  44%|██▋   | 11/25 [00:18<00:08,  1.67it/s, loss: 1.100, acc: 0.705, recall: 0.705, f1: 0.705]
评估:  44%|██▋   | 11/25 [00:18<00:08,  1.67it/s, loss: 1.077, acc: 0.705, recall: 0.705, f1: 0.705]
评估:  52%|███   | 13/25 [00:18<00:05,  2.32it/s, loss: 1.077, acc: 0.705, recall: 0.705, f1: 0.705]
评估:  52%|███   | 13/25 [00:18<00:05,  2.32it/s, loss: 1.053, acc: 0.835, recall: 0.835, f1: 0.835]
评估:  52%|███   | 13/25 [00:18<00:05,  2.32it/s, loss: 1.087, acc: 0.830, recall: 0.830, f1: 0.830]
评估:  60%|███▌  | 15/25 [00:18<00:03,  3.11it/s, loss: 1.087, acc: 0.830, recall: 0.830, f1: 0.830]
评估:  60%|███▌  | 15/25 [00:18<00:03,  3.11it/s, loss: 1.033, acc: 0.745, recall: 0.745, f1: 0.745]
评估:  60%|███▌  | 15/25 [00:18<00:03,  3.11it/s, loss: 1.013, acc: 0.745, recall: 0.745, f1: 0.745]
评估:  68%|████  | 17/25 [00:18<00:01,  4.03it/s, loss: 1.013, acc: 0.745, recall: 0.745, f1: 0.745]
评估:  68%|████  | 17/25 [00:18<00:01,  4.03it/s, loss: 1.043, acc: 0.760, recall: 0.760, f1: 0.760]
评估:  68%|████  | 17/25 [00:18<00:01,  4.03it/s, loss: 1.020, acc: 0.800, recall: 0.800, f1: 0.800]
评估:  76%|████▌ | 19/25 [00:18<00:01,  5.10it/s, loss: 1.020, acc: 0.800, recall: 0.800, f1: 0.800]
评估:  76%|████▌ | 19/25 [00:18<00:01,  5.10it/s, loss: 0.997, acc: 0.805, recall: 0.805, f1: 0.805]
评估:  76%|████▌ | 19/25 [00:18<00:01,  5.10it/s, loss: 1.040, acc: 0.835, recall: 0.835, f1: 0.835]
评估:  84%|█████ | 21/25 [00:18<00:00,  6.32it/s, loss: 1.040, acc: 0.835, recall: 0.835, f1: 0.835]
评估:  84%|█████ | 21/25 [00:18<00:00,  6.32it/s, loss: 1.001, acc: 0.865, recall: 0.865, f1: 0.865]
评估:  84%|█████ | 21/25 [00:19<00:00,  6.32it/s, loss: 1.007, acc: 0.740, recall: 0.740, f1: 0.740]
评估:  92%|█████▌| 23/25 [00:19<00:00,  7.49it/s, loss: 1.007, acc: 0.740, recall: 0.740, f1: 0.740]
评估:  92%|█████▌| 23/25 [00:19<00:00,  7.49it/s, loss: 0.986, acc: 0.820, recall: 0.820, f1: 0.820]
评估:  92%|█████▌| 23/25 [00:19<00:00,  7.49it/s, loss: 1.013, acc: 0.850, recall: 0.850, f1: 0.850]
评估: 100%|██████| 25/25 [00:19<00:00,  8.58it/s, loss: 1.013, acc: 0.850, recall: 0.850, f1: 0.850]
评估: 100%|██████| 25/25 [00:19<00:00,  1.26it/s, loss: 1.013, acc: 0.850, recall: 0.850, f1: 0.850]
验证集 - 损失: 1.0333, 准确率: 0.7834, 召回率: 0.7834, F1分数: 0.7834
保存最佳模型，验证准确率: 0.7834, 召回率: 0.7834, F1分数: 0.7834

Epoch 4/80

训练:   0%|                                                                  | 0/25 [00:00<?, ?it/s]
训练:   0%| | 0/25 [00:19<?, ?it/s, loss: 1.245, acc: 0.690, recall: 0.690, f1: 0.690, lr: 6.00e-04]
训练:   4%| | 1/25 [00:19<07:57, 19.88s/it, loss: 1.245, acc: 0.690, recall: 0.690, f1: 0.690, lr: 6
训练:   4%| | 1/25 [00:21<07:57, 19.88s/it, loss: 1.224, acc: 0.755, recall: 0.755, f1: 0.755, lr: 6
训练:   8%| | 2/25 [00:21<03:24,  8.91s/it, loss: 1.224, acc: 0.755, recall: 0.755, f1: 0.755, lr: 6
训练:   8%| | 2/25 [00:22<03:24,  8.91s/it, loss: 1.243, acc: 0.735, recall: 0.735, f1: 0.735, lr: 6
训练:  12%| | 3/25 [00:22<01:59,  5.44s/it, loss: 1.243, acc: 0.735, recall: 0.735, f1: 0.735, lr: 6
训练:  12%| | 3/25 [00:23<01:59,  5.44s/it, loss: 1.245, acc: 0.700, recall: 0.700, f1: 0.700, lr: 6
训练:  16%|▏| 4/25 [00:23<01:19,  3.78s/it, loss: 1.245, acc: 0.700, recall: 0.700, f1: 0.700, lr: 6
训练:  16%|▏| 4/25 [00:24<01:19,  3.78s/it, loss: 1.243, acc: 0.650, recall: 0.650, f1: 0.650, lr: 6
训练:  20%|▏| 5/25 [00:24<00:57,  2.87s/it, loss: 1.243, acc: 0.650, recall: 0.650, f1: 0.650, lr: 6
训练:  20%|▏| 5/25 [00:26<00:57,  2.87s/it, loss: 1.227, acc: 0.690, recall: 0.690, f1: 0.690, lr: 6
训练:  24%|▏| 6/25 [00:26<00:43,  2.31s/it, loss: 1.227, acc: 0.690, recall: 0.690, f1: 0.690, lr: 6
训练:  24%|▏| 6/25 [00:27<00:43,  2.31s/it, loss: 1.247, acc: 0.625, recall: 0.625, f1: 0.625, lr: 6
训练:  28%|▎| 7/25 [00:27<00:35,  1.95s/it, loss: 1.247, acc: 0.625, recall: 0.625, f1: 0.625, lr: 6
训练:  28%|▎| 7/25 [00:28<00:35,  1.95s/it, loss: 1.222, acc: 0.665, recall: 0.665, f1: 0.665, lr: 6
训练:  32%|▎| 8/25 [00:28<00:29,  1.72s/it, loss: 1.222, acc: 0.665, recall: 0.665, f1: 0.665, lr: 6
训练:  32%|▎| 8/25 [00:29<00:29,  1.72s/it, loss: 1.208, acc: 0.750, recall: 0.750, f1: 0.750, lr: 6
训练:  36%|▎| 9/25 [00:29<00:24,  1.56s/it, loss: 1.208, acc: 0.750, recall: 0.750, f1: 0.750, lr: 6
训练:  36%|▎| 9/25 [00:31<00:24,  1.56s/it, loss: 1.265, acc: 0.595, recall: 0.595, f1: 0.595, lr: 6
训练:  40%|▍| 10/25 [00:31<00:21,  1.46s/it, loss: 1.265, acc: 0.595, recall: 0.595, f1: 0.595, lr: 
训练:  40%|▍| 10/25 [00:32<00:21,  1.46s/it, loss: 1.260, acc: 0.645, recall: 0.645, f1: 0.645, lr: 
